<?xml version="1.0" encoding="UTF-8"?>
<!-- Generated by org.testng.reporters.JUnitReportReporter -->
<testsuite hostname="DESKTOP-2AKG903" failures="0" tests="1" name="com.wbl.testCases.TC_LoginTest_001" time="15.437" errors="0" timestamp="2021-10-06T17:24:26 PDT" skipped="0">
  <testcase classname="com.wbl.testCases.TC_LoginTest_001" name="loginTest" time="15.437"/>
  <system-out/>
</testsuite> <!-- com.wbl.testCases.TC_LoginTest_001 -->
